
26. Printing statistics.

=== alu_top ===

   Number of wires:                159
   Number of wire bits:            173
   Number of public wires:          11
   Number of public wire bits:      25
   Number of memories:               0
   Number of memory bits:            0
   Number of processes:              0
   Number of cells:                165
     sky130_fd_sc_hd__a211o_2        4
     sky130_fd_sc_hd__a21boi_2       1
     sky130_fd_sc_hd__a21o_2         6
     sky130_fd_sc_hd__a21oi_2        5
     sky130_fd_sc_hd__a221o_2        3
     sky130_fd_sc_hd__a22o_2         1
     sky130_fd_sc_hd__a311o_2        1
     sky130_fd_sc_hd__a31o_2         6
     sky130_fd_sc_hd__a32o_2         2
     sky130_fd_sc_hd__and2_2         5
     sky130_fd_sc_hd__and2b_2       11
     sky130_fd_sc_hd__and3_2         7
     sky130_fd_sc_hd__and3b_2        2
     sky130_fd_sc_hd__and4_2         2
     sky130_fd_sc_hd__and4bb_2       2
     sky130_fd_sc_hd__buf_1         26
     sky130_fd_sc_hd__conb_1         1
     sky130_fd_sc_hd__dfxtp_2        9
     sky130_fd_sc_hd__inv_2          9
     sky130_fd_sc_hd__nand2_2        6
     sky130_fd_sc_hd__nor2_2         8
     sky130_fd_sc_hd__nor3_2         1
     sky130_fd_sc_hd__nor3b_2        1
     sky130_fd_sc_hd__o211a_2        8
     sky130_fd_sc_hd__o21a_2         6
     sky130_fd_sc_hd__o221a_2        1
     sky130_fd_sc_hd__o22a_2         2
     sky130_fd_sc_hd__o311a_2        1
     sky130_fd_sc_hd__o31a_2         1
     sky130_fd_sc_hd__o31ai_2        1
     sky130_fd_sc_hd__or2_2          7
     sky130_fd_sc_hd__or2b_2         3
     sky130_fd_sc_hd__or3_2          6
     sky130_fd_sc_hd__or3b_2         3
     sky130_fd_sc_hd__or4_2          1
     sky130_fd_sc_hd__or4b_2         1
     sky130_fd_sc_hd__xnor2_2        4
     sky130_fd_sc_hd__xor2_2         1

   Chip area for module '\alu_top': 1405.097600

